HHH015016: Encountered a deprecated javax.persistence.spi.PersistenceProvider [org.hibernate.ejb.HibernatePersistence]; use [org.hibernate.jpa.HibernatePersistenceProvider] instead.
HHH015016: Encountered a deprecated javax.persistence.spi.PersistenceProvider [org.hibernate.ejb.HibernatePersistence]; use [org.hibernate.jpa.HibernatePersistenceProvider] instead.
HHH015016: Encountered a deprecated javax.persistence.spi.PersistenceProvider [org.hibernate.ejb.HibernatePersistence]; use [org.hibernate.jpa.HibernatePersistenceProvider] instead.
HHH000204: Processing PersistenceUnitInfo [
	name: labbookjpa
	...]
HHH000412: Hibernate Core {4.3.10.Final}
HHH000206: hibernate.properties not found
HHH000021: Bytecode provider name : javassist
HCANN000001: Hibernate Commons Annotations {4.0.5.Final}
HHH000402: Using Hibernate built-in connection pool (not for production use!)
HHH000401: using driver [com.mysql.jdbc.Driver] at URL [jdbc:mysql://localhost:3306/labbookjpadb]
HHH000046: Connection properties: {user=root, password=****}
HHH000006: Autocommit mode: false
HHH000115: Hibernate connection pool size: 20 (min=1)
HHH000400: Using dialect: org.hibernate.dialect.MySQL5Dialect
HHH000423: Disabling contextual LOB creation as JDBC driver reported JDBC version [3] less than 4
HHH000397: Using ASTQueryTranslatorFactory
HHH000228: Running hbm2ddl schema update
HHH000102: Fetching database metadata
HHH000396: Updating schema
HHH000262: Table not found: Author
HHH000262: Table not found: Author_Book
HHH000262: Table not found: Book
HHH000262: Table not found: Book_Author
HHH000262: Table not found: Author
HHH000262: Table not found: Author_Book
HHH000262: Table not found: Book
HHH000262: Table not found: Book_Author
HHH000262: Table not found: Author
HHH000262: Table not found: Author_Book
HHH000262: Table not found: Book
HHH000262: Table not found: Book_Author
HHH000232: Schema update complete
HHH015016: Encountered a deprecated javax.persistence.spi.PersistenceProvider [org.hibernate.ejb.HibernatePersistence]; use [org.hibernate.jpa.HibernatePersistenceProvider] instead.
HHH015016: Encountered a deprecated javax.persistence.spi.PersistenceProvider [org.hibernate.ejb.HibernatePersistence]; use [org.hibernate.jpa.HibernatePersistenceProvider] instead.
HHH015016: Encountered a deprecated javax.persistence.spi.PersistenceProvider [org.hibernate.ejb.HibernatePersistence]; use [org.hibernate.jpa.HibernatePersistenceProvider] instead.
HHH000204: Processing PersistenceUnitInfo [
	name: labbookjpa
	...]
HHH000412: Hibernate Core {4.3.10.Final}
HHH000206: hibernate.properties not found
HHH000021: Bytecode provider name : javassist
HCANN000001: Hibernate Commons Annotations {4.0.5.Final}
HHH000402: Using Hibernate built-in connection pool (not for production use!)
HHH000401: using driver [com.mysql.jdbc.Driver] at URL [jdbc:mysql://localhost:3306/labbookjpadb]
HHH000046: Connection properties: {user=root, password=****}
HHH000006: Autocommit mode: false
HHH000115: Hibernate connection pool size: 20 (min=1)
HHH000400: Using dialect: org.hibernate.dialect.MySQL5Dialect
HHH000423: Disabling contextual LOB creation as JDBC driver reported JDBC version [3] less than 4
HHH000397: Using ASTQueryTranslatorFactory
HHH000228: Running hbm2ddl schema update
HHH000102: Fetching database metadata
HHH000396: Updating schema
HHH000261: Table found: labbookjpadb.author
HHH000037: Columns: [authorname, id]
HHH000108: Foreign keys: []
HHH000126: Indexes: [primary]
HHH000261: Table found: labbookjpadb.author_book
HHH000037: Columns: [author_id, booklist_isbn]
HHH000108: Foreign keys: [fk_qp83nt5u68aidr85ysu1soo6a, fk_g6vy7ufbheaanufiuxkb61acg]
HHH000126: Indexes: [fk_qp83nt5u68aidr85ysu1soo6a, fk_g6vy7ufbheaanufiuxkb61acg]
HHH000261: Table found: labbookjpadb.book
HHH000037: Columns: [price, isbn, title]
HHH000108: Foreign keys: []
HHH000126: Indexes: [primary]
HHH000261: Table found: labbookjpadb.book_author
HHH000037: Columns: [authorlist_id, book_isbn]
HHH000108: Foreign keys: [fk_m0adikmu3th5kjptbwrl4qbnw, fk_dt2e31men67jume2gol8ubhlr]
HHH000126: Indexes: [fk_m0adikmu3th5kjptbwrl4qbnw, fk_dt2e31men67jume2gol8ubhlr]
HHH000232: Schema update complete
HHH015016: Encountered a deprecated javax.persistence.spi.PersistenceProvider [org.hibernate.ejb.HibernatePersistence]; use [org.hibernate.jpa.HibernatePersistenceProvider] instead.
HHH015016: Encountered a deprecated javax.persistence.spi.PersistenceProvider [org.hibernate.ejb.HibernatePersistence]; use [org.hibernate.jpa.HibernatePersistenceProvider] instead.
HHH015016: Encountered a deprecated javax.persistence.spi.PersistenceProvider [org.hibernate.ejb.HibernatePersistence]; use [org.hibernate.jpa.HibernatePersistenceProvider] instead.
HHH000204: Processing PersistenceUnitInfo [
	name: labbookjpa
	...]
HHH000412: Hibernate Core {4.3.10.Final}
HHH000206: hibernate.properties not found
HHH000021: Bytecode provider name : javassist
HCANN000001: Hibernate Commons Annotations {4.0.5.Final}
HHH000402: Using Hibernate built-in connection pool (not for production use!)
HHH000401: using driver [com.mysql.jdbc.Driver] at URL [jdbc:mysql://localhost:3306/labbookjpadb]
HHH000046: Connection properties: {user=root, password=****}
HHH000006: Autocommit mode: false
HHH000115: Hibernate connection pool size: 20 (min=1)
HHH000400: Using dialect: org.hibernate.dialect.MySQL5Dialect
HHH000423: Disabling contextual LOB creation as JDBC driver reported JDBC version [3] less than 4
HHH000397: Using ASTQueryTranslatorFactory
HHH000228: Running hbm2ddl schema update
HHH000102: Fetching database metadata
HHH000396: Updating schema
HHH000261: Table found: labbookjpadb.author
HHH000037: Columns: [authorname, id]
HHH000108: Foreign keys: []
HHH000126: Indexes: [primary]
HHH000261: Table found: labbookjpadb.author_book
HHH000037: Columns: [author_id, booklist_isbn]
HHH000108: Foreign keys: [fk_qp83nt5u68aidr85ysu1soo6a, fk_g6vy7ufbheaanufiuxkb61acg]
HHH000126: Indexes: [fk_qp83nt5u68aidr85ysu1soo6a, fk_g6vy7ufbheaanufiuxkb61acg]
HHH000261: Table found: labbookjpadb.book
HHH000037: Columns: [price, isbn, title]
HHH000108: Foreign keys: []
HHH000126: Indexes: [primary]
HHH000261: Table found: labbookjpadb.book_author
HHH000037: Columns: [authorlist_id, book_isbn]
HHH000108: Foreign keys: [fk_m0adikmu3th5kjptbwrl4qbnw, fk_dt2e31men67jume2gol8ubhlr]
HHH000126: Indexes: [fk_m0adikmu3th5kjptbwrl4qbnw, fk_dt2e31men67jume2gol8ubhlr]
HHH000232: Schema update complete
HHH015016: Encountered a deprecated javax.persistence.spi.PersistenceProvider [org.hibernate.ejb.HibernatePersistence]; use [org.hibernate.jpa.HibernatePersistenceProvider] instead.
HHH015016: Encountered a deprecated javax.persistence.spi.PersistenceProvider [org.hibernate.ejb.HibernatePersistence]; use [org.hibernate.jpa.HibernatePersistenceProvider] instead.
HHH015016: Encountered a deprecated javax.persistence.spi.PersistenceProvider [org.hibernate.ejb.HibernatePersistence]; use [org.hibernate.jpa.HibernatePersistenceProvider] instead.
HHH000204: Processing PersistenceUnitInfo [
	name: labbookjpa
	...]
HHH000412: Hibernate Core {4.3.10.Final}
HHH000206: hibernate.properties not found
HHH000021: Bytecode provider name : javassist
HCANN000001: Hibernate Commons Annotations {4.0.5.Final}
HHH000402: Using Hibernate built-in connection pool (not for production use!)
HHH000401: using driver [com.mysql.jdbc.Driver] at URL [jdbc:mysql://localhost:3306/labbookjpadb]
HHH000046: Connection properties: {user=root, password=****}
HHH000006: Autocommit mode: false
HHH000115: Hibernate connection pool size: 20 (min=1)
HHH000400: Using dialect: org.hibernate.dialect.MySQL5Dialect
HHH000423: Disabling contextual LOB creation as JDBC driver reported JDBC version [3] less than 4
HHH000397: Using ASTQueryTranslatorFactory
HHH000228: Running hbm2ddl schema update
HHH000102: Fetching database metadata
HHH000396: Updating schema
HHH000261: Table found: labbookjpadb.author
HHH000037: Columns: [authorname, id]
HHH000108: Foreign keys: []
HHH000126: Indexes: [primary]
HHH000261: Table found: labbookjpadb.author_book
HHH000037: Columns: [author_id, booklist_isbn]
HHH000108: Foreign keys: [fk_qp83nt5u68aidr85ysu1soo6a, fk_g6vy7ufbheaanufiuxkb61acg]
HHH000126: Indexes: [fk_qp83nt5u68aidr85ysu1soo6a, fk_g6vy7ufbheaanufiuxkb61acg]
HHH000261: Table found: labbookjpadb.book
HHH000037: Columns: [price, isbn, title]
HHH000108: Foreign keys: []
HHH000126: Indexes: [primary]
HHH000261: Table found: labbookjpadb.book_author
HHH000037: Columns: [authorlist_id, book_isbn]
HHH000108: Foreign keys: [fk_m0adikmu3th5kjptbwrl4qbnw, fk_dt2e31men67jume2gol8ubhlr]
HHH000126: Indexes: [fk_m0adikmu3th5kjptbwrl4qbnw, fk_dt2e31men67jume2gol8ubhlr]
HHH000232: Schema update complete
