2019-09-19-main-WARN -org.hibernate.ejb.HibernatePersistence:HHH015016: Encountered a deprecated javax.persistence.spi.PersistenceProvider [org.hibernate.ejb.HibernatePersistence]; use [org.hibernate.jpa.HibernatePersistenceProvider] instead.
2019-09-19-main-WARN -org.hibernate.ejb.HibernatePersistence:HHH015016: Encountered a deprecated javax.persistence.spi.PersistenceProvider [org.hibernate.ejb.HibernatePersistence]; use [org.hibernate.jpa.HibernatePersistenceProvider] instead.
2019-09-19-main-WARN -org.hibernate.ejb.HibernatePersistence:HHH015016: Encountered a deprecated javax.persistence.spi.PersistenceProvider [org.hibernate.ejb.HibernatePersistence]; use [org.hibernate.jpa.HibernatePersistenceProvider] instead.
2019-09-19-main-INFO -org.hibernate.jpa.internal.util.LogHelper:HHH000204: Processing PersistenceUnitInfo [
	name: demojpa
	...]
2019-09-19-main-INFO -org.hibernate.Version:HHH000412: Hibernate Core {4.3.10.Final}
2019-09-19-main-INFO -org.hibernate.cfg.Environment:HHH000206: hibernate.properties not found
2019-09-19-main-INFO -org.hibernate.cfg.Environment:HHH000021: Bytecode provider name : javassist
2019-09-19-main-INFO -org.hibernate.annotations.common.Version:HCANN000001: Hibernate Commons Annotations {4.0.5.Final}
2019-09-19-main-WARN -org.hibernate.engine.jdbc.connections.internal.DriverManagerConnectionProviderImpl:HHH000402: Using Hibernate built-in connection pool (not for production use!)
2019-09-19-main-INFO -org.hibernate.engine.jdbc.connections.internal.DriverManagerConnectionProviderImpl:HHH000401: using driver [com.mysql.jdbc.Driver] at URL [jdbc:mysql://localhost:3306/testjpadb]
2019-09-19-main-INFO -org.hibernate.engine.jdbc.connections.internal.DriverManagerConnectionProviderImpl:HHH000046: Connection properties: {user=root, password=****}
2019-09-19-main-INFO -org.hibernate.engine.jdbc.connections.internal.DriverManagerConnectionProviderImpl:HHH000006: Autocommit mode: false
2019-09-19-main-INFO -org.hibernate.engine.jdbc.connections.internal.DriverManagerConnectionProviderImpl:HHH000115: Hibernate connection pool size: 20 (min=1)
2019-09-19-main-INFO -org.hibernate.dialect.Dialect:HHH000400: Using dialect: org.hibernate.dialect.MySQL5Dialect
2019-09-19-main-INFO -org.hibernate.engine.jdbc.internal.LobCreatorBuilder:HHH000423: Disabling contextual LOB creation as JDBC driver reported JDBC version [3] less than 4
2019-09-19-main-INFO -org.hibernate.hql.internal.ast.ASTQueryTranslatorFactory:HHH000397: Using ASTQueryTranslatorFactory
2019-09-19-main-INFO -org.hibernate.tool.hbm2ddl.SchemaUpdate:HHH000228: Running hbm2ddl schema update
2019-09-19-main-INFO -org.hibernate.tool.hbm2ddl.SchemaUpdate:HHH000102: Fetching database metadata
2019-09-19-main-INFO -org.hibernate.tool.hbm2ddl.SchemaUpdate:HHH000396: Updating schema
2019-09-19-main-INFO -org.hibernate.tool.hbm2ddl.TableMetadata:HHH000261: Table found: testjpadb.jpa_employee
2019-09-19-main-INFO -org.hibernate.tool.hbm2ddl.TableMetadata:HHH000037: Columns: [emp_name, emp_sal, emp_id]
2019-09-19-main-INFO -org.hibernate.tool.hbm2ddl.TableMetadata:HHH000108: Foreign keys: []
2019-09-19-main-INFO -org.hibernate.tool.hbm2ddl.TableMetadata:HHH000126: Indexes: [primary]
2019-09-19-main-INFO -org.hibernate.tool.hbm2ddl.SchemaUpdate:HHH000232: Schema update complete
2019-09-19-main-WARN -org.hibernate.ejb.HibernatePersistence:HHH015016: Encountered a deprecated javax.persistence.spi.PersistenceProvider [org.hibernate.ejb.HibernatePersistence]; use [org.hibernate.jpa.HibernatePersistenceProvider] instead.
2019-09-19-main-WARN -org.hibernate.ejb.HibernatePersistence:HHH015016: Encountered a deprecated javax.persistence.spi.PersistenceProvider [org.hibernate.ejb.HibernatePersistence]; use [org.hibernate.jpa.HibernatePersistenceProvider] instead.
2019-09-19-main-WARN -org.hibernate.ejb.HibernatePersistence:HHH015016: Encountered a deprecated javax.persistence.spi.PersistenceProvider [org.hibernate.ejb.HibernatePersistence]; use [org.hibernate.jpa.HibernatePersistenceProvider] instead.
2019-09-19-main-INFO -org.hibernate.jpa.internal.util.LogHelper:HHH000204: Processing PersistenceUnitInfo [
	name: demojpa
	...]
2019-09-19-main-INFO -org.hibernate.Version:HHH000412: Hibernate Core {4.3.10.Final}
2019-09-19-main-INFO -org.hibernate.cfg.Environment:HHH000206: hibernate.properties not found
2019-09-19-main-INFO -org.hibernate.cfg.Environment:HHH000021: Bytecode provider name : javassist
2019-09-19-main-INFO -org.hibernate.annotations.common.Version:HCANN000001: Hibernate Commons Annotations {4.0.5.Final}
2019-09-19-main-WARN -org.hibernate.engine.jdbc.connections.internal.DriverManagerConnectionProviderImpl:HHH000402: Using Hibernate built-in connection pool (not for production use!)
2019-09-19-main-INFO -org.hibernate.engine.jdbc.connections.internal.DriverManagerConnectionProviderImpl:HHH000401: using driver [com.mysql.jdbc.Driver] at URL [jdbc:mysql://localhost:3306/testjpadb]
2019-09-19-main-INFO -org.hibernate.engine.jdbc.connections.internal.DriverManagerConnectionProviderImpl:HHH000046: Connection properties: {user=root, password=****}
2019-09-19-main-INFO -org.hibernate.engine.jdbc.connections.internal.DriverManagerConnectionProviderImpl:HHH000006: Autocommit mode: false
2019-09-19-main-INFO -org.hibernate.engine.jdbc.connections.internal.DriverManagerConnectionProviderImpl:HHH000115: Hibernate connection pool size: 20 (min=1)
2019-09-19-main-INFO -org.hibernate.dialect.Dialect:HHH000400: Using dialect: org.hibernate.dialect.MySQL5Dialect
2019-09-19-main-INFO -org.hibernate.engine.jdbc.internal.LobCreatorBuilder:HHH000423: Disabling contextual LOB creation as JDBC driver reported JDBC version [3] less than 4
2019-09-19-main-INFO -org.hibernate.hql.internal.ast.ASTQueryTranslatorFactory:HHH000397: Using ASTQueryTranslatorFactory
2019-09-19-main-INFO -org.hibernate.tool.hbm2ddl.SchemaUpdate:HHH000228: Running hbm2ddl schema update
2019-09-19-main-INFO -org.hibernate.tool.hbm2ddl.SchemaUpdate:HHH000102: Fetching database metadata
2019-09-19-main-INFO -org.hibernate.tool.hbm2ddl.SchemaUpdate:HHH000396: Updating schema
2019-09-19-main-INFO -org.hibernate.tool.hbm2ddl.TableMetadata:HHH000261: Table found: testjpadb.jpa_employee
2019-09-19-main-INFO -org.hibernate.tool.hbm2ddl.TableMetadata:HHH000037: Columns: [emp_name, emp_sal, emp_id]
2019-09-19-main-INFO -org.hibernate.tool.hbm2ddl.TableMetadata:HHH000108: Foreign keys: []
2019-09-19-main-INFO -org.hibernate.tool.hbm2ddl.TableMetadata:HHH000126: Indexes: [primary]
2019-09-19-main-INFO -org.hibernate.tool.hbm2ddl.SchemaUpdate:HHH000232: Schema update complete
